<?xml version="1.0" encoding="UTF-8"?>
<!-- Generated by org.testng.reporters.JUnitReportReporter -->
<testsuite hostname="KD-AsusTG" failures="0" tests="1" name="git_Pack01.SimpleTest" time="0.006" errors="0" timestamp="2021-01-31T13:15:38 IST" skipped="0">
  <testcase classname="git_Pack01.SimpleTest" name="printSimpleTest" time="0.006"/>
  <system-out/>
</testsuite> <!-- git_Pack01.SimpleTest -->
