<?xml version="1.0" encoding="UTF-8"?>
<!-- Generated by org.testng.reporters.JUnitReportReporter -->
<testsuite skipped="0" hostname="KD-AsusTG" name="git_Pack01.SimpleTest02" tests="1" failures="0" timestamp="2021-01-31T15:03:24 IST" time="0.007" errors="0">
  <testcase name="printSimpleTest02" time="0.007" classname="git_Pack01.SimpleTest02"/>
  <system-out/>
</testsuite> <!-- git_Pack01.SimpleTest02 -->
