<?xml version="1.0" encoding="UTF-8"?>
<!-- Generated by org.testng.reporters.JUnitReportReporter -->
<testsuite hostname="KD-AsusTG" failures="0" tests="3" name="git_Pack01.SimpleTest" time="0.012" errors="0" timestamp="2021-01-31T14:44:55 IST" skipped="0">
  <testcase classname="git_Pack01.SimpleTest" name="anotherSimpleTest" time="0.008"/>
  <system-out/>
  <testcase classname="git_Pack01.SimpleTest" name="newBranchTest" time="0.001"/>
  <system-out/>
  <testcase classname="git_Pack01.SimpleTest" name="printSimpleTest" time="0.003"/>
  <system-out/>
</testsuite> <!-- git_Pack01.SimpleTest -->
