<?xml version="1.0" encoding="UTF-8"?>
<!-- Generated by org.testng.reporters.JUnitReportReporter -->
<testsuite skipped="0" hostname="KD-AsusTG" name="git_Pack01.SimpleTest" tests="1" failures="0" timestamp="2021-01-29T00:00:46 IST" time="0.006" errors="0">
  <testcase name="printSimpleTest" time="0.006" classname="git_Pack01.SimpleTest"/>
  <system-out/>
</testsuite> <!-- git_Pack01.SimpleTest -->
