<?xml version="1.0" encoding="UTF-8"?>
<!-- Generated by org.testng.reporters.JUnitReportReporter -->
<testsuite skipped="0" hostname="KD-AsusTG" name="git_Pack01.SimpleTest" tests="3" failures="0" timestamp="2021-01-31T15:03:30 IST" time="0.008" errors="0">
  <testcase name="newBranchTest" time="0.001" classname="git_Pack01.SimpleTest"/>
  <system-out/>
  <testcase name="printSimpleTest" time="0.001" classname="git_Pack01.SimpleTest"/>
  <system-out/>
  <testcase name="anotherSimpleTest" time="0.006" classname="git_Pack01.SimpleTest"/>
  <system-out/>
</testsuite> <!-- git_Pack01.SimpleTest -->
